********************************************************************************
product = WebSphere Application Server 8.5.5.4 (wlp-1.0.7.cl50420141211-1039)
wlp.install.dir = C:/IBM/SDP/configuration/org.eclipse.osgi/572/0/.cp/resources/server_runtime/
server.config.dir = C:/WCDE_V9/workspace/.metadata/.plugins/com.ibm.etools.wdt.server.core/tmp0/usr/servers/defaultServer0/
java.home = C:\IBM\SDP\jdk\jre
java.version = 1.8.0
java.runtime = Java(TM) SE Runtime Environment (pwa6480sr4fp1-20170215_01 (SR4 FP1))
os = Windows Server 2016 (10.0; amd64) (en_US)
process = 15312@WIN-NLOTS3DLSAS
********************************************************************************
[1/30/18 6:36:25:602 PST] 00000001 com.ibm.ws.kernel.launch.internal.FrameworkManager           A CWWKE0001I: The server defaultServer0 has been launched.
[1/30/18 6:36:27:930 PST] 0000001c com.ibm.ws.kernel.feature.internal.FeatureManager            I CWWKF0007I: Feature update started.
[1/30/18 6:36:27:993 PST] 00000001 com.ibm.ws.kernel.launch.internal.FrameworkManager           I CWWKE0002I: The kernel started after 3.169 seconds
[1/30/18 6:36:32:627 PST] 00000014 com.ibm.ws.app.manager.internal.monitor.DropinMonitor        A CWWKZ0058I: Monitoring dropins for applications. 
[1/30/18 6:36:32:627 PST] 0000001e com.ibm.ws.tcpchannel.internal.TCPChannel                    I CWWKO0219I: TCP Channel defaultHttpEndpoint has been started and is now listening for requests on host *  (IPv6) port 9796.
[1/30/18 6:36:33:799 PST] 00000027 com.ibm.ws.app.manager.AppMessageHelper                      I CWWKZ0018I: Starting application proxy.
[1/30/18 6:36:35:799 PST] 00000027 com.ibm.ws.webcontainer.osgi.webapp.WebGroup                 I SRVE0169I: Loading Web Module: Ajax Proxy for IBM WebSphere.
[1/30/18 6:36:35:814 PST] 00000027 com.ibm.ws.webcontainer                                      I SRVE0250I: Web Module Ajax Proxy for IBM WebSphere has been bound to default_host.
[1/30/18 6:36:35:814 PST] 00000027 com.ibm.ws.http.internal.VirtualHostImpl                     A CWWKT0016I: Web application available (default_host): http://win-nlots3dlsas:9796/proxy/
[1/30/18 6:36:35:830 PST] 00000027 com.ibm.ws.app.manager.AppMessageHelper                      A CWWKZ0001I: Application proxy started in 2.031 seconds.
[1/30/18 6:36:35:908 PST] 0000001c com.ibm.ws.kernel.feature.internal.FeatureManager            A CWWKF0012I: The server installed the following features: [servlet-3.0, jsp-2.2, json-1.0, localConnector-1.0, jaxrs-1.1].
[1/30/18 6:36:35:908 PST] 0000001c com.ibm.ws.kernel.feature.internal.FeatureManager            I CWWKF0008I: Feature update completed in 8.028 seconds.
[1/30/18 6:36:35:908 PST] 0000001c com.ibm.ws.kernel.feature.internal.FeatureManager            A CWWKF0011I: The server defaultServer0 is ready to run a smarter planet.
